{
"/Users/chengfei/Documents/testDemo/new-grace/src/app/app.component.ts":{"path":"/Users/chengfei/Documents/testDemo/new-grace/src/app/app.component.ts","s":{"1":1,"2":1,"3":1,"4":1,"5":1,"6":1,"7":1,"8":1,"9":1,"10":1,"11":1,"12":1,"13":0,"14":1,"15":0,"16":1,"17":0,"18":1,"19":1,"20":1,"21":0,"22":1},"b":{"1":[1,1,0],"2":[1,1]},"f":{"1":1,"2":1,"3":0,"4":0,"5":0,"6":0},"fnMap":{"1":{"name":"(anonymous_1)","line":16,"loc":{"start":{"line":16,"column":11},"end":{"line":16,"column":23}}},"2":{"name":"App","line":17,"loc":{"start":{"line":17,"column":4},"end":{"line":17,"column":27}}},"3":{"name":"(anonymous_3)","line":26,"loc":{"start":{"line":26,"column":29},"end":{"line":26,"column":41}}},"4":{"name":"(anonymous_4)","line":32,"loc":{"start":{"line":32,"column":30},"end":{"line":32,"column":42}}},"5":{"name":"(anonymous_5)","line":39,"loc":{"start":{"line":39,"column":32},"end":{"line":39,"column":51}}},"6":{"name":"(anonymous_6)","line":45,"loc":{"start":{"line":45,"column":32},"end":{"line":45,"column":44}}}},"statementMap":{"1":{"start":{"line":5,"column":0},"end":{"line":5,"column":38}},"2":{"start":{"line":6,"column":0},"end":{"line":6,"column":45}},"3":{"start":{"line":10,"column":0},"end":{"line":10,"column":76}},"4":{"start":{"line":11,"column":0},"end":{"line":11,"column":73}},"5":{"start":{"line":12,"column":0},"end":{"line":12,"column":76}},"6":{"start":{"line":16,"column":0},"end":{"line":61,"column":5}},"7":{"start":{"line":17,"column":4},"end":{"line":22,"column":5}},"8":{"start":{"line":18,"column":8},"end":{"line":18,"column":33}},"9":{"start":{"line":19,"column":8},"end":{"line":19,"column":69}},"10":{"start":{"line":20,"column":8},"end":{"line":20,"column":48}},"11":{"start":{"line":21,"column":8},"end":{"line":21,"column":54}},"12":{"start":{"line":26,"column":4},"end":{"line":28,"column":6}},"13":{"start":{"line":27,"column":8},"end":{"line":27,"column":62}},"14":{"start":{"line":32,"column":4},"end":{"line":34,"column":6}},"15":{"start":{"line":33,"column":8},"end":{"line":33,"column":49}},"16":{"start":{"line":39,"column":4},"end":{"line":41,"column":6}},"17":{"start":{"line":40,"column":8},"end":{"line":40,"column":57}},"18":{"start":{"line":45,"column":4},"end":{"line":46,"column":6}},"19":{"start":{"line":47,"column":4},"end":{"line":58,"column":12}},"20":{"start":{"line":59,"column":4},"end":{"line":59,"column":15}},"21":{"start":{"line":60,"column":4},"end":{"line":60,"column":11}},"22":{"start":{"line":62,"column":0},"end":{"line":62,"column":18}}},"branchMap":{"1":{"line":57,"type":"binary-expr","locations":[{"start":{"line":57,"column":42},"end":{"line":57,"column":142}},{"start":{"line":57,"column":146},"end":{"line":57,"column":148}},{"start":{"line":57,"column":153},"end":{"line":57,"column":159}}]},"2":{"line":57,"type":"binary-expr","locations":[{"start":{"line":57,"column":55},"end":{"line":57,"column":100}},{"start":{"line":57,"column":104},"end":{"line":57,"column":126}}]}},"code":["\"use strict\";","/*"," * 装饰指令 和 service"," */","var core_1 = require('@angular/core');","var app_service_1 = require('./app.service');","/**"," *  导入组件"," */","var loading_component_1 = require('./components/loading/loading.component');","var navbar_component_1 = require('./components/navbar/navbar.component');","var sidebar_component_1 = require('./components/sidebar/sidebar.component');","/*"," * 最顶层的组件"," */","var App = (function () {","    function App(appState) {","        this.appState = appState;","        this.angularclassLogo = 'assets/img/angularclass-avatar.png';","        this.name = 'Angular 2 Webpack Starter';","        this.url = 'https://twitter.com/AngularClass';","    }","    /**","     * 当 Angular 初始化完数据绑定的输入属性后，用来初始化指令或组件。","     */","    App.prototype.ngOnInit = function () {","        console.log('Initial App State', this.appState.state);","    };","    /**","     * 用来监测所有变化 ( 无论是 Angular 本身能检测的还是无法检测的 ) ,所以这边能更新loading状态","     */","    App.prototype.ngDoCheck = function () {","        this.show = this.appState.get('loading');","    };","    /**","     * 当 Angular 设置了一个被绑定的输入属性后触发。该回调方法会收到一个包含当前值和","     * 原值的 changes 对象。(类似angular1中watcher,只能监测输入属性)","     */","    App.prototype.ngOnChanges = function (changes) {","        console.log('检测状态变化2' + JSON.stringify(changes));","    };","    /**","     * 在 Angular 销毁指令或组件之前做一些清理工作，比如退订可观察对象和移除事件处理器，以免导致内存泄露。","     */","    App.prototype.ngOnDestroy = function () {","    };","    App = __decorate([","        core_1.Component({","            selector: 'app',","            encapsulation: core_1.ViewEncapsulation.None,","            directives: [loading_component_1.Loading, navbar_component_1.Navbar, sidebar_component_1.Sidebar],","            styleUrls: [","                './app.style.css'","            ],","            template: \"\\n      <loading [show]=\\\"show\\\"></loading> \\n      <navbar></navbar>\\n      <sidebar></sidebar>\\n      <section class=\\\"app-main\\\"> \\n            <router-outlet></router-outlet>\\n      </section>\\n  \"","        }), ","        __metadata('design:paramtypes', [(typeof (_a = typeof app_service_1.AppState !== 'undefined' && app_service_1.AppState) === 'function' && _a) || Object])","    ], App);","    return App;","    var _a;","}());","exports.App = App;",""],"l":{"5":1,"6":1,"10":1,"11":1,"12":1,"16":1,"17":1,"18":1,"19":1,"20":1,"21":1,"26":1,"27":0,"32":1,"33":0,"39":1,"40":0,"45":1,"47":1,"59":1,"60":0,"62":1}},
"/Users/chengfei/Documents/testDemo/new-grace/src/app/app.service.ts":{"path":"/Users/chengfei/Documents/testDemo/new-grace/src/app/app.service.ts","s":{"1":1,"2":1,"3":1,"4":1,"5":1,"6":0,"7":0,"8":1,"9":0,"10":0,"11":1,"12":0,"13":1,"14":0,"15":1,"16":1,"17":1},"b":{"1":[0,0]},"f":{"1":1,"2":1,"3":0,"4":0,"5":0,"6":0,"7":0},"fnMap":{"1":{"name":"(anonymous_1)","line":7,"loc":{"start":{"line":7,"column":16},"end":{"line":7,"column":28}}},"2":{"name":"AppState","line":8,"loc":{"start":{"line":8,"column":4},"end":{"line":8,"column":24}}},"3":{"name":"(anonymous_3)","line":15,"loc":{"start":{"line":15,"column":13},"end":{"line":15,"column":25}}},"4":{"name":"(anonymous_4)","line":19,"loc":{"start":{"line":19,"column":13},"end":{"line":19,"column":30}}},"5":{"name":"(anonymous_5)","line":25,"loc":{"start":{"line":25,"column":29},"end":{"line":25,"column":45}}},"6":{"name":"(anonymous_6)","line":30,"loc":{"start":{"line":30,"column":29},"end":{"line":30,"column":52}}},"7":{"name":"(anonymous_7)","line":34,"loc":{"start":{"line":34,"column":32},"end":{"line":34,"column":50}}}},"statementMap":{"1":{"start":{"line":6,"column":0},"end":{"line":6,"column":38}},"2":{"start":{"line":7,"column":0},"end":{"line":43,"column":5}},"3":{"start":{"line":8,"column":4},"end":{"line":12,"column":5}},"4":{"start":{"line":9,"column":8},"end":{"line":11,"column":10}},"5":{"start":{"line":13,"column":4},"end":{"line":24,"column":7}},"6":{"start":{"line":16,"column":12},"end":{"line":16,"column":58}},"7":{"start":{"line":20,"column":12},"end":{"line":20,"column":43}},"8":{"start":{"line":25,"column":4},"end":{"line":29,"column":6}},"9":{"start":{"line":27,"column":8},"end":{"line":27,"column":31}},"10":{"start":{"line":28,"column":8},"end":{"line":28,"column":64}},"11":{"start":{"line":30,"column":4},"end":{"line":33,"column":6}},"12":{"start":{"line":32,"column":8},"end":{"line":32,"column":41}},"13":{"start":{"line":34,"column":4},"end":{"line":37,"column":6}},"14":{"start":{"line":36,"column":8},"end":{"line":36,"column":50}},"15":{"start":{"line":38,"column":4},"end":{"line":41,"column":17}},"16":{"start":{"line":42,"column":4},"end":{"line":42,"column":20}},"17":{"start":{"line":44,"column":0},"end":{"line":44,"column":28}}},"branchMap":{"1":{"line":28,"type":"cond-expr","locations":[{"start":{"line":28,"column":44},"end":{"line":28,"column":55}},{"start":{"line":28,"column":58},"end":{"line":28,"column":63}}]}},"code":["\"use strict\";","/**"," * 全局状态管理（state）"," * Created by chengfei on 16/8/25."," */","var core_1 = require('@angular/core');","var AppState = (function () {","    function AppState() {","        this._state = {","            loading: false","        };","    }","    Object.defineProperty(AppState.prototype, \"state\", {","        // 总是返回一个最新的state","        get: function () {","            return this._state = this._clone(this._state);","        },","        // state不允许变化， 改变state直接抛出异常","        set: function (value) {","            throw new Error('不能直接改变state');","        },","        enumerable: true,","        configurable: true","    });","    AppState.prototype.get = function (prop) {","        // 永远使用克隆的对象","        var state = this.state;","        return state.hasOwnProperty(prop) ? state[prop] : state;","    };","    AppState.prototype.set = function (prop, value) {","        // 改变state的内部属性","        return this._state[prop] = value;","    };","    AppState.prototype._clone = function (object) {","        // 简单的克隆对象","        return JSON.parse(JSON.stringify(object));","    };","    AppState = __decorate([","        core_1.Injectable(), ","        __metadata('design:paramtypes', [])","    ], AppState);","    return AppState;","}());","exports.AppState = AppState;",""],"l":{"6":1,"7":1,"8":1,"9":1,"13":1,"16":0,"20":0,"25":1,"27":0,"28":0,"30":1,"32":0,"34":1,"36":0,"38":1,"42":1,"44":1}},
"/Users/chengfei/Documents/testDemo/new-grace/src/app/components/loading/loading.component.ts":{"path":"/Users/chengfei/Documents/testDemo/new-grace/src/app/components/loading/loading.component.ts","s":{"1":1,"2":1,"3":1,"4":1,"5":1,"6":0,"7":1,"8":1,"9":1,"10":1},"b":{},"f":{"1":1,"2":0,"3":0,"4":0},"fnMap":{"1":{"name":"(anonymous_1)","line":7,"loc":{"start":{"line":7,"column":15},"end":{"line":7,"column":27}}},"2":{"name":"Loading","line":8,"loc":{"start":{"line":8,"column":4},"end":{"line":8,"column":23}}},"3":{"name":"(anonymous_3)","line":10,"loc":{"start":{"line":10,"column":33},"end":{"line":10,"column":45}}},"4":{"name":"(anonymous_4)","line":12,"loc":{"start":{"line":12,"column":36},"end":{"line":12,"column":55}}}},"statementMap":{"1":{"start":{"line":6,"column":0},"end":{"line":6,"column":38}},"2":{"start":{"line":7,"column":0},"end":{"line":28,"column":5}},"3":{"start":{"line":8,"column":4},"end":{"line":9,"column":5}},"4":{"start":{"line":10,"column":4},"end":{"line":11,"column":6}},"5":{"start":{"line":12,"column":4},"end":{"line":14,"column":6}},"6":{"start":{"line":13,"column":8},"end":{"line":13,"column":63}},"7":{"start":{"line":15,"column":4},"end":{"line":18,"column":42}},"8":{"start":{"line":19,"column":4},"end":{"line":26,"column":16}},"9":{"start":{"line":27,"column":4},"end":{"line":27,"column":19}},"10":{"start":{"line":29,"column":0},"end":{"line":29,"column":26}}},"branchMap":{},"code":["\"use strict\";","/**"," * Created by chengfei on 16/8/26."," * loading"," */","var core_1 = require('@angular/core');","var Loading = (function () {","    function Loading() {","    }","    Loading.prototype.ngOnInit = function () {","    };","    Loading.prototype.ngOnChanges = function (changes) {","        console.log('检测状态变化loading' + JSON.stringify(changes));","    };","    __decorate([","        core_1.Input(), ","        __metadata('design:type', Boolean)","    ], Loading.prototype, \"show\", void 0);","    Loading = __decorate([","        core_1.Component({","            selector: 'loading',","            template: \"\\n        <div class=\\\"loading\\\" *ngIf=\\\"show\\\">\\n            <span class=\\\"dots-loader\\\">Loading\\u2026</span>\\n        </div>  \\n    \",","            styleUrls: ['./loading.style.css']","        }), ","        __metadata('design:paramtypes', [])","    ], Loading);","    return Loading;","}());","exports.Loading = Loading;",""],"l":{"6":1,"7":1,"8":1,"10":1,"12":1,"13":0,"15":1,"19":1,"27":1,"29":1}},
"/Users/chengfei/Documents/testDemo/new-grace/src/app/components/navbar/navbar.component.ts":{"path":"/Users/chengfei/Documents/testDemo/new-grace/src/app/components/navbar/navbar.component.ts","s":{"1":1,"2":1,"3":1,"4":1,"5":1,"6":1,"7":1,"8":1},"b":{},"f":{"1":1,"2":0,"3":0},"fnMap":{"1":{"name":"(anonymous_1)","line":8,"loc":{"start":{"line":8,"column":14},"end":{"line":8,"column":26}}},"2":{"name":"Navbar","line":9,"loc":{"start":{"line":9,"column":4},"end":{"line":9,"column":22}}},"3":{"name":"(anonymous_3)","line":11,"loc":{"start":{"line":11,"column":32},"end":{"line":11,"column":44}}}},"statementMap":{"1":{"start":{"line":6,"column":0},"end":{"line":6,"column":38}},"2":{"start":{"line":7,"column":0},"end":{"line":7,"column":42}},"3":{"start":{"line":8,"column":0},"end":{"line":23,"column":5}},"4":{"start":{"line":9,"column":4},"end":{"line":10,"column":5}},"5":{"start":{"line":11,"column":4},"end":{"line":12,"column":6}},"6":{"start":{"line":13,"column":4},"end":{"line":21,"column":15}},"7":{"start":{"line":22,"column":4},"end":{"line":22,"column":18}},"8":{"start":{"line":24,"column":0},"end":{"line":24,"column":24}}},"branchMap":{},"code":["\"use strict\";","/**"," * 顶部"," * Created by chengfei on 16/8/25."," */","var core_1 = require('@angular/core');","var router_1 = require('@angular/router');","var Navbar = (function () {","    function Navbar() {","    }","    Navbar.prototype.ngOnInit = function () {","    };","    Navbar = __decorate([","        core_1.Component({","            selector: 'navbar',","            templateUrl: './navbar.template.html',","            directives: router_1.ROUTER_DIRECTIVES.concat([router_1.RouterLinkActive]),","            styleUrls: ['./navbar.style.css']","        }), ","        __metadata('design:paramtypes', [])","    ], Navbar);","    return Navbar;","}());","exports.Navbar = Navbar;",""],"l":{"6":1,"7":1,"8":1,"9":1,"11":1,"13":1,"22":1,"24":1}},
"/Users/chengfei/Documents/testDemo/new-grace/src/app/components/sidebar/sidebar.component.ts":{"path":"/Users/chengfei/Documents/testDemo/new-grace/src/app/components/sidebar/sidebar.component.ts","s":{"1":1,"2":1,"3":1,"4":1,"5":1,"6":1,"7":1,"8":1},"b":{},"f":{"1":1,"2":0,"3":0},"fnMap":{"1":{"name":"(anonymous_1)","line":8,"loc":{"start":{"line":8,"column":15},"end":{"line":8,"column":27}}},"2":{"name":"Sidebar","line":9,"loc":{"start":{"line":9,"column":4},"end":{"line":9,"column":23}}},"3":{"name":"(anonymous_3)","line":11,"loc":{"start":{"line":11,"column":33},"end":{"line":11,"column":45}}}},"statementMap":{"1":{"start":{"line":6,"column":0},"end":{"line":6,"column":38}},"2":{"start":{"line":7,"column":0},"end":{"line":7,"column":42}},"3":{"start":{"line":8,"column":0},"end":{"line":23,"column":5}},"4":{"start":{"line":9,"column":4},"end":{"line":10,"column":5}},"5":{"start":{"line":11,"column":4},"end":{"line":12,"column":6}},"6":{"start":{"line":13,"column":4},"end":{"line":21,"column":16}},"7":{"start":{"line":22,"column":4},"end":{"line":22,"column":19}},"8":{"start":{"line":24,"column":0},"end":{"line":24,"column":26}}},"branchMap":{},"code":["\"use strict\";","/**"," * 侧边栏"," * Created by chengfei on 16/8/25."," */","var core_1 = require('@angular/core');","var router_1 = require('@angular/router');","var Sidebar = (function () {","    function Sidebar() {","    }","    Sidebar.prototype.ngOnInit = function () {","    };","    Sidebar = __decorate([","        core_1.Component({","            selector: 'sidebar',","            templateUrl: './sidebar.template.html',","            directives: router_1.ROUTER_DIRECTIVES.concat([router_1.RouterLinkActive]),","            styleUrls: ['./sidebar.style.css']","        }), ","        __metadata('design:paramtypes', [])","    ], Sidebar);","    return Sidebar;","}());","exports.Sidebar = Sidebar;",""],"l":{"6":1,"7":1,"8":1,"9":1,"11":1,"13":1,"22":1,"24":1}},
"/Users/chengfei/Documents/testDemo/new-grace/src/app/containers/about/about.component.ts":{"path":"/Users/chengfei/Documents/testDemo/new-grace/src/app/containers/about/about.component.ts","s":{"1":1,"2":1,"3":1,"4":1,"5":1,"6":1,"7":1,"8":1,"9":1,"10":1,"11":1,"12":1,"13":1,"14":1,"15":0,"16":1},"b":{"1":[1,1,0],"2":[1,1]},"f":{"1":1,"2":1,"3":1,"4":1,"5":0},"fnMap":{"1":{"name":"(anonymous_1)","line":10,"loc":{"start":{"line":10,"column":13},"end":{"line":10,"column":25}}},"2":{"name":"About","line":11,"loc":{"start":{"line":11,"column":4},"end":{"line":11,"column":26}}},"3":{"name":"(anonymous_3)","line":14,"loc":{"start":{"line":14,"column":31},"end":{"line":14,"column":43}}},"4":{"name":"(anonymous_4)","line":18,"loc":{"start":{"line":18,"column":23},"end":{"line":18,"column":39}}},"5":{"name":"(anonymous_5)","line":29,"loc":{"start":{"line":29,"column":43},"end":{"line":29,"column":55}}}},"statementMap":{"1":{"start":{"line":2,"column":0},"end":{"line":2,"column":38}},"2":{"start":{"line":3,"column":0},"end":{"line":3,"column":42}},"3":{"start":{"line":9,"column":0},"end":{"line":9,"column":55}},"4":{"start":{"line":10,"column":0},"end":{"line":53,"column":5}},"5":{"start":{"line":11,"column":4},"end":{"line":13,"column":5}},"6":{"start":{"line":12,"column":8},"end":{"line":12,"column":27}},"7":{"start":{"line":14,"column":4},"end":{"line":28,"column":6}},"8":{"start":{"line":15,"column":8},"end":{"line":15,"column":25}},"9":{"start":{"line":16,"column":8},"end":{"line":21,"column":11}},"10":{"start":{"line":20,"column":12},"end":{"line":20,"column":45}},"11":{"start":{"line":22,"column":8},"end":{"line":22,"column":47}},"12":{"start":{"line":29,"column":4},"end":{"line":42,"column":6}},"13":{"start":{"line":43,"column":4},"end":{"line":50,"column":14}},"14":{"start":{"line":51,"column":4},"end":{"line":51,"column":17}},"15":{"start":{"line":52,"column":4},"end":{"line":52,"column":11}},"16":{"start":{"line":54,"column":0},"end":{"line":54,"column":22}}},"branchMap":{"1":{"line":49,"type":"binary-expr","locations":[{"start":{"line":49,"column":42},"end":{"line":49,"column":144}},{"start":{"line":49,"column":148},"end":{"line":49,"column":150}},{"start":{"line":49,"column":155},"end":{"line":49,"column":161}}]},"2":{"line":49,"type":"binary-expr","locations":[{"start":{"line":49,"column":55},"end":{"line":49,"column":101}},{"start":{"line":49,"column":105},"end":{"line":49,"column":128}}]}},"code":["\"use strict\";","var core_1 = require('@angular/core');","var router_1 = require('@angular/router');","/*"," * We're loading this component asynchronously"," * We are using some magic with es6-promise-loader that will wrap the module with a Promise"," * see https://github.com/gdi2290/es6-promise-loader for more info"," */","console.log('`About` component loaded asynchronously');","var About = (function () {","    function About(route) {","        this.route = route;","    }","    About.prototype.ngOnInit = function () {","        var _this = this;","        this.route","            .data","            .subscribe(function (data) {","            // your resolved data from route","            _this.localState = data.yourData;","        });","        console.log('hello `About` component');","        // static data that is bundled","        // var mockData = require('assets/mock-data/mock-data.json');","        // console.log('mockData', mockData);","        // if you're working with mock data you can also use http.get('assets/mock-data/mock-data.json')","        // this.asyncDataWithWebpack();","    };","    About.prototype.asyncDataWithWebpack = function () {","        // you can also async load mock data with 'es6-promise-loader'","        // you would do this if you don't want the mock-data bundled","        // remember that 'es6-promise-loader' is a promise","        // var asyncMockDataPromiseFactory = require('es6-promise!assets/mock-data/mock-data.json');","        // setTimeout(() => {","        //","        //   let asyncDataPromise = asyncMockDataPromiseFactory();","        //   asyncDataPromise.then(json => {","        //     console.log('async mockData', json);","        //   });","        //","        // });","    };","    About = __decorate([","        core_1.Component({","            selector: 'about',","            styles: [\"\\n  \"],","            template: \"\\n    <h1>About</h1>\\n    <div>\\n      For hot module reloading run\\n      <pre>npm run start:hmr</pre>\\n    </div>\\n    <div>\\n      <h3>\\n        patrick@AngularClass.com\\n      </h3>\\n    </div>\\n    <pre>this.localState = {{ localState | json }}</pre>\\n  \"","        }), ","        __metadata('design:paramtypes', [(typeof (_a = typeof router_1.ActivatedRoute !== 'undefined' && router_1.ActivatedRoute) === 'function' && _a) || Object])","    ], About);","    return About;","    var _a;","}());","exports.About = About;",""],"l":{"2":1,"3":1,"9":1,"10":1,"11":1,"12":1,"14":1,"15":1,"16":1,"20":1,"22":1,"29":1,"43":1,"51":1,"52":0,"54":1}},
"/Users/chengfei/Documents/testDemo/new-grace/src/app/directives/x-large/x-large.directive.ts":{"path":"/Users/chengfei/Documents/testDemo/new-grace/src/app/directives/x-large/x-large.directive.ts","s":{"1":1,"2":1,"3":1,"4":0,"5":1,"6":1,"7":0,"8":1},"b":{"1":[1,1,0],"2":[1,1],"3":[1,1,0],"4":[1,1]},"f":{"1":1,"2":0},"fnMap":{"1":{"name":"(anonymous_1)","line":7,"loc":{"start":{"line":7,"column":14},"end":{"line":7,"column":26}}},"2":{"name":"XLarge","line":8,"loc":{"start":{"line":8,"column":4},"end":{"line":8,"column":39}}}},"statementMap":{"1":{"start":{"line":2,"column":0},"end":{"line":2,"column":38}},"2":{"start":{"line":7,"column":0},"end":{"line":23,"column":5}},"3":{"start":{"line":8,"column":4},"end":{"line":14,"column":5}},"4":{"start":{"line":13,"column":8},"end":{"line":13,"column":79}},"5":{"start":{"line":15,"column":4},"end":{"line":20,"column":15}},"6":{"start":{"line":21,"column":4},"end":{"line":21,"column":18}},"7":{"start":{"line":22,"column":4},"end":{"line":22,"column":15}},"8":{"start":{"line":24,"column":0},"end":{"line":24,"column":24}}},"branchMap":{"1":{"line":19,"type":"binary-expr","locations":[{"start":{"line":19,"column":42},"end":{"line":19,"column":132}},{"start":{"line":19,"column":136},"end":{"line":19,"column":138}},{"start":{"line":19,"column":143},"end":{"line":19,"column":149}}]},"2":{"line":19,"type":"binary-expr","locations":[{"start":{"line":19,"column":55},"end":{"line":19,"column":95}},{"start":{"line":19,"column":99},"end":{"line":19,"column":116}}]},"3":{"line":19,"type":"binary-expr","locations":[{"start":{"line":19,"column":152},"end":{"line":19,"column":238}},{"start":{"line":19,"column":242},"end":{"line":19,"column":244}},{"start":{"line":19,"column":249},"end":{"line":19,"column":255}}]},"4":{"line":19,"type":"binary-expr","locations":[{"start":{"line":19,"column":165},"end":{"line":19,"column":203}},{"start":{"line":19,"column":207},"end":{"line":19,"column":222}}]}},"code":["\"use strict\";","var core_1 = require('@angular/core');","/*"," * Directive"," * XLarge is a simple directive to show how one is made"," */","var XLarge = (function () {","    function XLarge(element, renderer) {","        // simple DOM manipulation to set font size to x-large","        // `nativeElement` is the direct reference to the DOM element","        // element.nativeElement.style.fontSize = 'x-large';","        // for server/webworker support use the renderer","        renderer.setElementStyle(element.nativeElement, 'fontSize', 'x-large');","    }","    XLarge = __decorate([","        core_1.Directive({","            selector: '[x-large]' // using [ ] means selecting attributes","        }), ","        __metadata('design:paramtypes', [(typeof (_a = typeof core_1.ElementRef !== 'undefined' && core_1.ElementRef) === 'function' && _a) || Object, (typeof (_b = typeof core_1.Renderer !== 'undefined' && core_1.Renderer) === 'function' && _b) || Object])","    ], XLarge);","    return XLarge;","    var _a, _b;","}());","exports.XLarge = XLarge;",""],"l":{"2":1,"7":1,"8":1,"13":0,"15":1,"21":1,"22":0,"24":1}}}
